{
  "stats": {
    "suites": 1,
    "tests": 2,
    "passes": 2,
    "pending": 0,
    "failures": 0,
    "start": "2024-05-23T13:19:23.496Z",
    "end": "2024-05-23T13:19:27.490Z",
    "duration": 3994,
    "testsRegistered": 2,
    "passPercent": 100,
    "pendingPercent": 0,
    "other": 0,
    "hasOther": false,
    "skipped": 0,
    "hasSkipped": false
  },
  "results": [
    {
      "uuid": "9b9f88ab-547b-4b33-97b8-673f7bb04c89",
      "title": "",
      "fullFile": "cypress\\e2e\\suiteExo.cy.js",
      "file": "cypress\\e2e\\suiteExo.cy.js",
      "beforeHooks": [],
      "afterHooks": [],
      "tests": [],
      "suites": [
        {
          "uuid": "8f34ac3f-fe8c-402e-bc4e-638821b166a8",
          "title": "Exercice 2",
          "fullFile": "",
          "file": "",
          "beforeHooks": [],
          "afterHooks": [],
          "tests": [
            {
              "title": "Inscription",
              "fullTitle": "Exercice 2 Inscription",
              "timedOut": null,
              "duration": 1826,
              "state": "passed",
              "speed": "fast",
              "pass": true,
              "fail": false,
              "pending": false,
              "context": null,
              "code": "cy.get('[data-test=\"input-prenom\"]').type(\"Toto\").should(\"have.value\", \"Toto\");\ncy.get('[data-test=\"input-nom\"]').type(\"Dupond\").should(\"have.value\", \"Dupond\");\ncy.get('[data-test=\"input-email\"]').type(\"toto@dupond.com\").should(\"have.value\", \"toto@dupond.com\");\ncy.get('[data-test=\"input-mdp\"]').type(\"Dupond12345\").should(\"have.value\", \"Dupond12345\");\ncy.get('[data-test=\"input-mdp-confirmation\"]').type(\"Dupond12345\").should(\"have.value\", \"Dupond12345\");\ncy.get('[data-test=\"submit-signup\"]').should(\"have.text\", \"S'inscrire\").click();\ncy.url().should(\"eq\", \"https://practice.automationtesteracademy.com/home\");\ncy.url().should(\"include\", \"/home\");",
              "err": {},
              "uuid": "0d4b124c-38a2-4510-a641-7e56b49a2449",
              "parentUUID": "8f34ac3f-fe8c-402e-bc4e-638821b166a8",
              "isHook": false,
              "skipped": false
            },
            {
              "title": "Inscription champs vide",
              "fullTitle": "Exercice 2 Inscription champs vide",
              "timedOut": null,
              "duration": 815,
              "state": "passed",
              "speed": "fast",
              "pass": true,
              "fail": false,
              "pending": false,
              "context": null,
              "code": "cy.get('[data-test=\"submit-signup\"]').should(\"have.text\", \"S'inscrire\").click();\ncy.get('[data-test=\"error-message\"]').eq(0).should(\"have.text\", \"Le prénom ne peut pas être vide.\");\ncy.get('[data-test=\"error-message\"]').eq(1).should(\"have.text\", \"Le nom ne peut pas être vide.\");\ncy.get('[data-test=\"error-message\"]').eq(2).should(\"have.text\", \"L'email ne peut pas être vide.\");\ncy.get('[data-test=\"error-message\"]').eq(3).should(\"have.text\", \"Le mot de passe ne peut pas être vide.\");\ncy.get('[data-test=\"error-message\"]').eq(4).should(\"have.text\", \"La confirmation du mot de passe ne peut pas être vide.\");\ncy.get('[data-test=\"error-message\"]').last().should(\"have.text\", \"Le mot de passe ne peut pas être vide.\");",
              "err": {},
              "uuid": "b8850b91-4029-4714-9bfd-3ef9d6972678",
              "parentUUID": "8f34ac3f-fe8c-402e-bc4e-638821b166a8",
              "isHook": false,
              "skipped": false
            }
          ],
          "suites": [],
          "passes": [
            "0d4b124c-38a2-4510-a641-7e56b49a2449",
            "b8850b91-4029-4714-9bfd-3ef9d6972678"
          ],
          "failures": [],
          "pending": [],
          "skipped": [],
          "duration": 2641,
          "root": false,
          "rootEmpty": false,
          "_timeout": 2000
        }
      ],
      "passes": [],
      "failures": [],
      "pending": [],
      "skipped": [],
      "duration": 0,
      "root": true,
      "rootEmpty": true,
      "_timeout": 2000
    }
  ],
  "meta": {
    "mocha": {
      "version": "7.0.1"
    },
    "mochawesome": {
      "options": {
        "quiet": false,
        "reportFilename": "mochawesome",
        "saveHtml": false,
        "saveJson": true,
        "consoleReporter": "spec",
        "useInlineDiffs": false,
        "code": true
      },
      "version": "7.1.3"
    },
    "marge": {
      "options": {
        "reportDir": "cypress/results",
        "overwrite": false,
        "html": false,
        "json": true
      },
      "version": "6.2.0"
    }
  }
}